21:42:37.608 [main] INFO  testCases.TC_002_LoginTest - Clicked on home page link my Account
21:42:38.122 [main] INFO  testCases.TC_002_LoginTest - Clicked on login link from myAccount Tab
21:42:39.112 [main] INFO  testCases.TC_002_LoginTest - Clicked on loging button
21:42:39.172 [main] INFO  testCases.TC_002_LoginTest - Login test is passed
21:42:39.173 [main] INFO  testCases.TC_002_LoginTest - *********Finished TC_002LoginTest**************
21:40:29.724 [main] INFO  testCases.TC_001_AccountRegistrationTest - *******  Starting TC_001_AccountRegistrationTest ***** 
21:40:29.729 [main] DEBUG testCases.TC_001_AccountRegistrationTest - application logs..........
21:40:29.863 [main] INFO  testCases.TC_001_AccountRegistrationTest - Clicked on My Account link
21:40:34.091 [main] INFO  testCases.TC_001_AccountRegistrationTest - Clicked on Register link
21:40:34.091 [main] INFO  testCases.TC_001_AccountRegistrationTest - Entering customer information
21:40:35.636 [main] INFO  testCases.TC_001_AccountRegistrationTest - Clicked on continue
21:40:35.677 [main] INFO  testCases.TC_001_AccountRegistrationTest - Validating Expected Message.......
21:40:35.677 [main] INFO  testCases.TC_001_AccountRegistrationTest - Test Passed
21:40:35.679 [main] INFO  testCases.TC_001_AccountRegistrationTest - *******  Ended TC_001_AccountRegistrationTest ***** 
21:40:52.336 [main] INFO  testCases.TC_002_LoginTest - *********Starting TC_002LoginTest**************
21:40:52.336 [main] DEBUG testCases.TC_002_LoginTest - Capturing application debug logs.......
21:40:52.430 [main] INFO  testCases.TC_002_LoginTest - Clicked on home page link my Account
21:40:52.946 [main] INFO  testCases.TC_002_LoginTest - Clicked on login link from myAccount Tab
21:40:54.015 [main] INFO  testCases.TC_002_LoginTest - Clicked on loging button
21:40:54.066 [main] INFO  testCases.TC_002_LoginTest - Login test is passed
21:40:54.066 [main] INFO  testCases.TC_002_LoginTest - *********Finished TC_002LoginTest**************
21:58:35.865 [main] INFO  testCases.TC_001_AccountRegistrationTest - *******  Starting TC_001_AccountRegistrationTest ***** 
21:58:35.868 [main] DEBUG testCases.TC_001_AccountRegistrationTest - application logs..........
21:58:36.047 [main] INFO  testCases.TC_001_AccountRegistrationTest - Clicked on My Account link
21:58:38.769 [main] INFO  testCases.TC_001_AccountRegistrationTest - Clicked on Register link
21:58:38.771 [main] INFO  testCases.TC_001_AccountRegistrationTest - Entering customer information
21:58:40.364 [main] INFO  testCases.TC_001_AccountRegistrationTest - Clicked on continue
21:58:40.407 [main] INFO  testCases.TC_001_AccountRegistrationTest - Validating Expected Message.......
21:58:40.408 [main] INFO  testCases.TC_001_AccountRegistrationTest - Test Passed
21:58:40.409 [main] INFO  testCases.TC_001_AccountRegistrationTest - *******  Ended TC_001_AccountRegistrationTest ***** 
21:58:52.465 [main] INFO  testCases.TC_002_LoginTest - *********Starting TC_002LoginTest**************
21:58:52.466 [main] DEBUG testCases.TC_002_LoginTest - Capturing application debug logs.......
21:58:52.613 [main] INFO  testCases.TC_002_LoginTest - Clicked on home page link my Account
21:58:53.122 [main] INFO  testCases.TC_002_LoginTest - Clicked on login link from myAccount Tab
21:58:54.289 [main] INFO  testCases.TC_002_LoginTest - Clicked on loging button
21:58:54.373 [main] INFO  testCases.TC_002_LoginTest - Login test is passed
21:58:54.373 [main] INFO  testCases.TC_002_LoginTest - *********Finished TC_002LoginTest**************
22:05:56.366 [main] INFO  testCases.TC_001_AccountRegistrationTest - *******  Starting TC_001_AccountRegistrationTest ***** 
22:05:56.392 [main] DEBUG testCases.TC_001_AccountRegistrationTest - application logs..........
22:05:56.557 [main] INFO  testCases.TC_001_AccountRegistrationTest - Clicked on My Account link
22:06:02.122 [main] INFO  testCases.TC_001_AccountRegistrationTest - Clicked on Register link
22:06:02.122 [main] INFO  testCases.TC_001_AccountRegistrationTest - Entering customer information
22:06:03.644 [main] INFO  testCases.TC_001_AccountRegistrationTest - Clicked on continue
22:06:03.689 [main] INFO  testCases.TC_001_AccountRegistrationTest - Validating Expected Message.......
22:06:03.690 [main] INFO  testCases.TC_001_AccountRegistrationTest - Test Passed
22:06:03.692 [main] INFO  testCases.TC_001_AccountRegistrationTest - *******  Ended TC_001_AccountRegistrationTest ***** 
22:06:20.186 [main] INFO  testCases.TC_002_LoginTest - *********Starting TC_002LoginTest**************
22:06:20.186 [main] DEBUG testCases.TC_002_LoginTest - Capturing application debug logs.......
22:06:20.286 [main] INFO  testCases.TC_002_LoginTest - Clicked on home page link my Account
22:06:20.813 [main] INFO  testCases.TC_002_LoginTest - Clicked on login link from myAccount Tab
22:06:21.892 [main] INFO  testCases.TC_002_LoginTest - Clicked on loging button
22:06:21.956 [main] INFO  testCases.TC_002_LoginTest - Login test is passed
